[debug] [2024-12-26T07:45:11.064Z] ----------------------------------------------------------------------
[debug] [2024-12-26T07:45:11.066Z] Command:       /Users/mukeshsinha/.nvm/versions/node/v20.17.0/bin/node /Users/mukeshsinha/.nvm/versions/node/v20.17.0/bin/firebase init
[debug] [2024-12-26T07:45:11.066Z] CLI Version:   13.16.0
[debug] [2024-12-26T07:45:11.066Z] Platform:      darwin
[debug] [2024-12-26T07:45:11.066Z] Node Version:  v20.17.0
[debug] [2024-12-26T07:45:11.066Z] Time:          Thu Dec 26 2024 13:15:11 GMT+0530 (India Standard Time)
[debug] [2024-12-26T07:45:11.067Z] ----------------------------------------------------------------------
[debug] 
[debug] [2024-12-26T07:45:11.069Z] > command requires scopes: ["email","openid","https://www.googleapis.com/auth/cloudplatformprojects.readonly","https://www.googleapis.com/auth/firebase","https://www.googleapis.com/auth/cloud-platform"]
[debug] [2024-12-26T07:45:11.069Z] > authorizing via signed-in user (mukeshsinha.ocsm@gmail.com)
[info] 
     ######## #### ########  ######## ########     ###     ######  ########
     ##        ##  ##     ## ##       ##     ##  ##   ##  ##       ##
     ######    ##  ########  ######   ########  #########  ######  ######
     ##        ##  ##    ##  ##       ##     ## ##     ##       ## ##
     ##       #### ##     ## ######## ########  ##     ##  ######  ########

You're about to initialize a Firebase project in this directory:

  /Users/mukeshsinha/Desktop/Desktop - Mukesh’s MacBook Air/track.com

[info] 
=== Project Setup
[info] 
[info] First, let's associate this project directory with a Firebase project.
[info] You can create multiple project aliases by running firebase use --add, 
[info] but for now we'll just set up a default project.
[info] 
[info] i  If you want to create a project in a Google Cloud organization or folder, please use "firebase projects:create" instead, and return to this command when you've created the project. 
[debug] [2024-12-26T07:45:37.810Z] >>> [apiv2][query] POST https://cloudresourcemanager.googleapis.com/v1/projects [none]
[debug] [2024-12-26T07:45:37.811Z] >>> [apiv2][body] POST https://cloudresourcemanager.googleapis.com/v1/projects {"projectId":"track.com","name":"track.com"}
[debug] [2024-12-26T07:45:39.731Z] <<< [apiv2][status] POST https://cloudresourcemanager.googleapis.com/v1/projects 400
[debug] [2024-12-26T07:45:39.731Z] <<< [apiv2][body] POST https://cloudresourcemanager.googleapis.com/v1/projects {"error":{"code":400,"message":"Request contains an invalid argument.","status":"INVALID_ARGUMENT","details":[{"@type":"type.googleapis.com/google.rpc.BadRequest","fieldViolations":[{"field":"project_id","description":"project_id contains invalid characters"},{"field":"display_name","description":"project display name contains invalid characters"}]},{"@type":"type.googleapis.com/google.rpc.Help","links":[{"url":"https://cloud.google.com/resource-manager/reference/rest/v1/projects"}]}]}}
[debug] [2024-12-26T07:45:40.064Z] FirebaseError: HTTP Error: 400, Request contains an invalid argument.
    at responseToError (/Users/mukeshsinha/.nvm/versions/node/v20.17.0/lib/node_modules/firebase-tools/lib/responseToError.js:49:12)
    at RetryOperation._fn (/Users/mukeshsinha/.nvm/versions/node/v20.17.0/lib/node_modules/firebase-tools/lib/apiv2.js:305:77)
    at process.processTicksAndRejections (node:internal/process/task_queues:95:5)
[error] 
[error] Error: Failed to create project. See firebase-debug.log for more info.
